16:08:24.393 [main] INFO  MyLog - Welcome to a Muse ment Park!Sun Nov 19 16:08:24 CET 2023
16:09:11.873 [main] INFO  MyLog - Welcome to a Muse ment Park!Sun Nov 19 16:09:11 CET 2023
16:43:46.892 [main] INFO  MyLog - Welcome to a Muse ment Park!Sun Nov 19 16:43:46 CET 2023
17:12:12.592 [main] INFO  MyLog - Welcome to a Muse ment Park!Sun Nov 19 17:12:12 CET 2023
18:08:36.467 [main] INFO  Main.class - Welcome to a Muse ment Park!Mon Nov 20 18:08:36 CET 2023
18:13:16.808 [main] INFO  Main.class - Welcome to a Muse ment Park!Mon Nov 20 18:13:16 CET 2023
18:19:30.274 [main] INFO  Main.class - Welcome to a Muse ment Park!Mon Nov 20 18:19:30 CET 2023
18:20:33.041 [main] INFO  Main.class - Welcome to a Muse ment Park!Mon Nov 20 18:20:33 CET 2023
19:19:26.556 [main] INFO  Main.class - Welcome to a Muse ment Park!Mon Nov 20 19:19:26 CET 2023
19:20:46.133 [main] INFO  Main.class - Welcome to a Muse ment Park!Mon Nov 20 19:20:46 CET 2023
19:21:01.267 [main] INFO  Main.class - Welcome to a Muse ment Park!Mon Nov 20 19:21:01 CET 2023
19:21:24.428 [main] INFO  Main.class - Welcome to a Muse ment Park!Mon Nov 20 19:21:24 CET 2023
19:24:26.135 [main] INFO  Main.class - Welcome to a Muse ment Park!Mon Nov 20 19:24:26 CET 2023
19:28:14.347 [main] INFO  Main.class - Welcome to a Muse ment Park!Mon Nov 20 19:28:14 CET 2023
19:28:38.196 [main] INFO  Main.class - Welcome to a Muse ment Park!Mon Nov 20 19:28:38 CET 2023
19:32:05.902 [main] INFO  Main.class - Welcome to a Muse ment Park!Mon Nov 20 19:32:05 CET 2023
19:32:59.913 [main] INFO  Main.class - Welcome to a Muse ment Park!
18:53:04.858 [main] INFO  Main.class - Welcome to a Muse ment Park!
18:53:12.429 [main] INFO  Main.class - Welcome to a Muse ment Park!
17:12:43.636 [main] INFO  Main.class - Welcome to a Muse ment Park!
19:45:29.299 [main] INFO  Main.class - Welcome to a Muse ment Park!
19:54:52.600 [main] INFO  Main.class - Welcome to a Muse ment Park!
19:58:22.719 [main] INFO  Main.class - 0
19:58:22.725 [main] INFO  Main.class - Welcome to a Muse ment Park!
20:03:31.325 [main] INFO  Main.class - n attraction: 0
20:03:31.331 [main] INFO  Main.class - Welcome to a Muse ment Park!
20:29:16.870 [main] ERROR Main.class - [SQLITE_ERROR] SQL error or missing database (no such table: attractions)
20:29:16.874 [main] INFO  Main.class - n attraction: 0
20:29:16.876 [main] INFO  Main.class - Welcome to a Muse ment Park!
20:35:39.904 [main] ERROR Main.class - [SQLITE_ERROR] SQL error or missing database (no such table: attractions)
20:35:39.908 [main] INFO  Main.class - n attraction: 0
20:35:39.910 [main] INFO  Main.class - Welcome to a Muse ment Park!
20:35:56.595 [main] ERROR Main.class - [SQLITE_ERROR] SQL error or missing database (no such table: attractions)
20:35:56.599 [main] INFO  Main.class - n attraction: 0
20:35:56.602 [main] INFO  Main.class - Welcome to a Muse ment Park!
20:37:34.983 [main] ERROR Main.class - [SQLITE_ERROR] SQL error or missing database (no such table: attractions)
20:37:34.990 [main] INFO  Main.class - n attraction: 0
20:37:34.994 [main] INFO  Main.class - Welcome to a Muse ment Park!
20:38:25.781 [main] INFO  Main.class - n attraction: 0
20:38:25.787 [main] INFO  Main.class - Welcome to a Muse ment Park!
20:40:40.096 [main] INFO  Main.class - n attraction: 2
20:40:40.103 [main] INFO  Main.class - Welcome to a Muse ment Park!
19:09:43.930 [main] INFO  Main.class - n attraction: 2
19:09:43.946 [main] INFO  Main.class - Welcome to a Muse ment Park!
